2023.06.16 00:41:52 INFO  Started: Metals version 0.11.12 in workspace '/home/betaray/Documents/functionalProgramming' for client Code - OSS 1.78.2.[0m
Jun 16, 2023 12:41:52 AM org.flywaydb.core.internal.license.VersionPrinter printVersionOnly
INFO: Flyway Community Edition 9.16.3 by Redgate
Jun 16, 2023 12:41:52 AM org.flywaydb.core.internal.license.VersionPrinter printVersion
INFO: See release notes here: https://rd.gt/416ObMi
Jun 16, 2023 12:41:52 AM org.flywaydb.core.internal.license.VersionPrinter printVersion
INFO: 
Jun 16, 2023 12:41:52 AM org.flywaydb.core.internal.database.base.BaseDatabaseType createDatabase
INFO: Database: jdbc:h2:file:/home/betaray/Documents/functionalProgramming/.metals/metals (H2 2.1)
Jun 16, 2023 12:41:53 AM org.flywaydb.core.internal.schemahistory.JdbcTableSchemaHistory allAppliedMigrations
INFO: Schema history table "PUBLIC"."flyway_schema_history" does not exist yet
Jun 16, 2023 12:41:53 AM org.flywaydb.core.internal.command.DbValidate validate
INFO: Successfully validated 4 migrations (execution time 00:00.012s)
Jun 16, 2023 12:41:53 AM org.flywaydb.core.internal.schemahistory.JdbcTableSchemaHistory create
INFO: Creating Schema History table "PUBLIC"."flyway_schema_history" ...
Jun 16, 2023 12:41:53 AM org.flywaydb.core.internal.command.DbMigrate migrateGroup
INFO: Current version of schema "PUBLIC": << Empty Schema >>
Jun 16, 2023 12:41:53 AM org.flywaydb.core.internal.command.DbMigrate doMigrateGroup
INFO: Migrating schema "PUBLIC" to version "1 - Create tables"
Jun 16, 2023 12:41:53 AM org.flywaydb.core.internal.command.DbMigrate doMigrateGroup
INFO: Migrating schema "PUBLIC" to version "2 - Server discovery"
Jun 16, 2023 12:41:53 AM org.flywaydb.core.internal.command.DbMigrate doMigrateGroup
INFO: Migrating schema "PUBLIC" to version "3 - Jar symbols"
Jun 16, 2023 12:41:53 AM org.flywaydb.core.internal.command.DbMigrate doMigrateGroup
INFO: Migrating schema "PUBLIC" to version "4 - Fingerprints"
Jun 16, 2023 12:41:53 AM org.flywaydb.core.internal.command.DbMigrate logSummary
INFO: Successfully applied 4 migrations to schema "PUBLIC", now at version v4 (execution time 00:00.041s)
2023.06.16 00:41:53 INFO  time: initialize in 0.52s[0m
2023.06.16 00:41:54 WARN  Build server is not auto-connectable.[0m
2023.06.16 00:41:54 WARN  no build tool detected in workspace '/home/betaray/Documents/functionalProgramming'. The most common cause for this problem is that the editor was opened in the wrong working directory, for example if you use sbt then the workspace directory should contain build.sbt. [0m
2023.06.16 00:41:54 WARN  no build target for: /home/betaray/Documents/functionalProgramming/scala/ejercicios/chapter2.scala[0m
2023.06.16 00:42:04 INFO  no build target found for /home/betaray/Documents/functionalProgramming/scala/ejercicios/chapter2.scala. Using presentation compiler with project's scala-library version: 3.2.2[0m
Jun 16, 2023 12:42:04 AM org.eclipse.lsp4j.jsonrpc.RemoteEndpoint handleCancellation
WARNING: Unmatched cancel notification for request id 10
Jun 16, 2023 12:42:04 AM org.eclipse.lsp4j.jsonrpc.RemoteEndpoint handleCancellation
WARNING: Unmatched cancel notification for request id 14
2023.06.16 00:42:05 INFO  time: code lens generation in 3.17s[0m
2023.06.16 00:42:05 INFO  time: code lens generation in 10s[0m
2023.06.16 00:43:01 WARN  no build target for: /home/betaray/Documents/functionalProgramming/scala/ejercicios/chapter2.scala[0m
2023.06.16 00:43:38 WARN  no build target for: /home/betaray/Documents/functionalProgramming/scala/ejercicios/chapter2.scala[0m
Jun 16, 2023 12:44:34 AM org.eclipse.lsp4j.jsonrpc.RemoteEndpoint handleCancellation
WARNING: Unmatched cancel notification for request id 281
2023.06.16 00:45:25 WARN  no build target for: /home/betaray/Documents/functionalProgramming/scala/ejercicios/chapter2.scala[0m
2023.06.16 00:46:28 WARN  no build target for: /home/betaray/Documents/functionalProgramming/scala/ejercicios/chapter2.scala[0m
2023.06.16 00:47:51 WARN  no build target for: /home/betaray/Documents/functionalProgramming/scala/ejercicios/chapter2.scala[0m
2023.06.16 00:49:16 WARN  no build target for: /home/betaray/Documents/functionalProgramming/scala/ejercicios/chapter2.scala[0m
2023.06.16 00:49:28 WARN  no build target for: /home/betaray/Documents/functionalProgramming/scala/ejercicios/chapter2.scala[0m
Jun 16, 2023 12:55:30 AM org.eclipse.lsp4j.jsonrpc.RemoteEndpoint handleCancellation
WARNING: Unmatched cancel notification for request id 681
2023.06.16 00:59:43 WARN  no build target for: /home/betaray/Documents/functionalProgramming/scala/ejercicios/chapter2.scala[0m
2023.06.16 01:00:21 WARN  no build target for: /home/betaray/Documents/functionalProgramming/scala/ejercicios/chapter2.scala[0m
2023.06.16 01:02:03 WARN  no build target for: /home/betaray/Documents/functionalProgramming/scala/ejercicios/chapter2.scala[0m
2023.06.16 01:02:12 WARN  no build target for: /home/betaray/Documents/functionalProgramming/scala/ejercicios/chapter2.scala[0m
Jun 16, 2023 1:03:16 AM org.eclipse.lsp4j.jsonrpc.RemoteEndpoint handleCancellation
WARNING: Unmatched cancel notification for request id 1257
Jun 16, 2023 1:03:19 AM org.eclipse.lsp4j.jsonrpc.RemoteEndpoint handleCancellation
WARNING: Unmatched cancel notification for request id 1264
2023.06.16 01:03:41 WARN  no build target for: /home/betaray/Documents/functionalProgramming/scala/ejercicios/chapter2.scala[0m
2023.06.16 01:03:51 WARN  no build target for: /home/betaray/Documents/functionalProgramming/scala/ejercicios/chapter2.scala[0m
Jun 16, 2023 1:04:30 AM org.eclipse.lsp4j.jsonrpc.RemoteEndpoint handleCancellation
WARNING: Unmatched cancel notification for request id 1417
2023.06.16 01:10:22 WARN  no build target for: /home/betaray/Documents/functionalProgramming/scala/ejercicios/chapter2.scala[0m
2023.06.16 01:12:46 WARN  no build target for: /home/betaray/Documents/functionalProgramming/scala/ejercicios/chapter2.scala[0m
2023.06.16 01:13:48 INFO  Shutting down server[0m
2023.06.16 01:13:48 INFO  shutting down Metals[0m
2023.06.16 01:13:48 INFO  Exiting server[0m
2023.06.16 01:14:47 INFO  Started: Metals version 0.11.12 in workspace '/home/betaray/Documents/functionalProgramming' for client Code - OSS 1.78.2.[0m
Jun 16, 2023 1:14:47 AM org.flywaydb.core.internal.license.VersionPrinter printVersionOnly
INFO: Flyway Community Edition 9.16.3 by Redgate
Jun 16, 2023 1:14:47 AM org.flywaydb.core.internal.license.VersionPrinter printVersion
INFO: See release notes here: https://rd.gt/416ObMi
Jun 16, 2023 1:14:47 AM org.flywaydb.core.internal.license.VersionPrinter printVersion
INFO: 
Jun 16, 2023 1:14:48 AM org.flywaydb.core.internal.database.base.BaseDatabaseType createDatabase
INFO: Database: jdbc:h2:file:/home/betaray/Documents/functionalProgramming/.metals/metals (H2 2.1)
Jun 16, 2023 1:14:48 AM org.flywaydb.core.internal.command.DbValidate validate
INFO: Successfully validated 4 migrations (execution time 00:00.019s)
Jun 16, 2023 1:14:48 AM org.flywaydb.core.internal.command.DbMigrate migrateGroup
INFO: Current version of schema "PUBLIC": 4
Jun 16, 2023 1:14:48 AM org.flywaydb.core.internal.command.DbMigrate logSummary
INFO: Schema "PUBLIC" is up to date. No migration necessary.
2023.06.16 01:14:48 INFO  time: initialize in 0.55s[0m
2023.06.16 01:14:49 WARN  Build server is not auto-connectable.[0m
2023.06.16 01:14:49 WARN  no build tool detected in workspace '/home/betaray/Documents/functionalProgramming'. The most common cause for this problem is that the editor was opened in the wrong working directory, for example if you use sbt then the workspace directory should contain build.sbt. [0m
2023.06.16 22:12:52 INFO  Started: Metals version 0.11.12 in workspace '/home/betaray/Documents/functionalProgramming' for client Code - OSS 1.78.2.[0m
Jun 16, 2023 10:12:52 PM org.flywaydb.core.internal.license.VersionPrinter printVersionOnly
INFO: Flyway Community Edition 9.16.3 by Redgate
Jun 16, 2023 10:12:52 PM org.flywaydb.core.internal.license.VersionPrinter printVersion
INFO: See release notes here: https://rd.gt/416ObMi
Jun 16, 2023 10:12:52 PM org.flywaydb.core.internal.license.VersionPrinter printVersion
INFO: 
Jun 16, 2023 10:12:53 PM org.flywaydb.core.internal.database.base.BaseDatabaseType createDatabase
INFO: Database: jdbc:h2:file:/home/betaray/Documents/functionalProgramming/.metals/metals (H2 2.1)
Jun 16, 2023 10:12:53 PM org.flywaydb.core.internal.command.DbValidate validate
INFO: Successfully validated 4 migrations (execution time 00:00.022s)
Jun 16, 2023 10:12:53 PM org.flywaydb.core.internal.command.DbMigrate migrateGroup
INFO: Current version of schema "PUBLIC": 4
Jun 16, 2023 10:12:53 PM org.flywaydb.core.internal.command.DbMigrate logSummary
INFO: Schema "PUBLIC" is up to date. No migration necessary.
2023.06.16 22:12:53 INFO  time: initialize in 0.53s[0m
2023.06.16 22:12:55 WARN  Build server is not auto-connectable.[0m
2023.06.16 22:12:55 WARN  no build tool detected in workspace '/home/betaray/Documents/functionalProgramming'. The most common cause for this problem is that the editor was opened in the wrong working directory, for example if you use sbt then the workspace directory should contain build.sbt. [0m
2023.06.16 22:12:55 WARN  no build target for: /home/betaray/Documents/functionalProgramming/scala/ejercicios/scalaForTheImpatient/chapter3.scala[0m
2023.06.16 22:12:58 INFO  no build target found for /home/betaray/Documents/functionalProgramming/scala/ejercicios/scalaForTheImpatient/chapter3.scala. Using presentation compiler with project's scala-library version: 3.2.2[0m
Jun 16, 2023 10:12:58 PM org.eclipse.lsp4j.jsonrpc.RemoteEndpoint handleCancellation
WARNING: Unmatched cancel notification for request id 1
Jun 16, 2023 10:12:58 PM org.eclipse.lsp4j.jsonrpc.RemoteEndpoint handleCancellation
WARNING: Unmatched cancel notification for request id 6
Jun 16, 2023 10:12:58 PM org.eclipse.lsp4j.jsonrpc.RemoteEndpoint handleCancellation
WARNING: Unmatched cancel notification for request id 4
Jun 16, 2023 10:12:58 PM org.eclipse.lsp4j.jsonrpc.RemoteEndpoint handleCancellation
WARNING: Unmatched cancel notification for request id 8
2023.06.16 22:12:59 INFO  time: code lens generation in 1.02s[0m
2023.06.16 22:14:55 WARN  no build target for: /home/betaray/Documents/functionalProgramming/scala/ejercicios/scalaForTheImpatient/chapter3.scala[0m
2023.06.16 22:14:57 WARN  no build target for: /home/betaray/Documents/functionalProgramming/scala/ejercicios/scalaForTheImpatient/chapter2.scala[0m
2023.06.16 22:20:44 WARN  no build target for: /home/betaray/Documents/functionalProgramming/scala/ejercicios/scalaForTheImpatient/chapter3.scala[0m
2023.06.16 22:22:11 WARN  no build target for: /home/betaray/Documents/functionalProgramming/scala/ejercicios/scalaForTheImpatient/chapter3.scala[0m
2023.06.16 22:22:40 WARN  no build target for: /home/betaray/Documents/functionalProgramming/scala/ejercicios/scalaForTheImpatient/chapter3.scala[0m
Jun 16, 2023 10:24:38 PM org.eclipse.lsp4j.jsonrpc.RemoteEndpoint handleCancellation
WARNING: Unmatched cancel notification for request id 974
2023.06.16 22:26:12 WARN  no build target for: /home/betaray/Documents/functionalProgramming/scala/ejercicios/scalaForTheImpatient/chapter3.scala[0m
Jun 16, 2023 10:28:00 PM org.eclipse.lsp4j.jsonrpc.RemoteEndpoint handleCancellation
WARNING: Unmatched cancel notification for request id 1469
2023.06.16 22:28:02 WARN  no build target for: /home/betaray/Documents/functionalProgramming/scala/ejercicios/scalaForTheImpatient/chapter3.scala[0m
2023.06.16 22:28:10 WARN  no build target for: /home/betaray/Documents/functionalProgramming/scala/ejercicios/scalaForTheImpatient/chapter3.scala[0m
2023.06.16 22:28:35 WARN  no build target for: /home/betaray/Documents/functionalProgramming/scala/ejercicios/scalaForTheImpatient/chapter3.scala[0m
2023.06.16 22:28:49 WARN  no build target for: /home/betaray/Documents/functionalProgramming/scala/ejercicios/scalaForTheImpatient/chapter3.scala[0m
2023.06.16 22:29:59 WARN  no build target for: /home/betaray/Documents/functionalProgramming/scala/ejercicios/scalaForTheImpatient/chapter3.scala[0m
2023.06.16 22:30:12 WARN  no build target for: /home/betaray/Documents/functionalProgramming/scala/ejercicios/scalaForTheImpatient/chapter3.scala[0m
2023.06.16 22:31:37 WARN  no build target for: /home/betaray/Documents/functionalProgramming/scala/ejercicios/scalaForTheImpatient/chapter3.scala[0m
2023.06.16 22:31:47 WARN  no build target for: /home/betaray/Documents/functionalProgramming/scala/ejercicios/scalaForTheImpatient/chapter3.scala[0m
2023.06.16 22:34:16 WARN  no build target for: /home/betaray/Documents/functionalProgramming/scala/ejercicios/scalaForTheImpatient/chapter3.scala[0m
2023.06.16 22:36:32 WARN  no build target for: /home/betaray/Documents/functionalProgramming/scala/ejercicios/scalaForTheImpatient/chapter3.scala[0m
2023.06.16 22:36:33 INFO  Shutting down server[0m
2023.06.16 22:36:33 INFO  shutting down Metals[0m
2023.06.16 22:36:33 INFO  Exiting server[0m
2023.06.17 00:22:59 INFO  Started: Metals version 0.11.12 in workspace '/home/betaray/Documents/functionalProgramming' for client Code - OSS 1.78.2.[0m
Jun 17, 2023 12:22:59 AM org.flywaydb.core.internal.license.VersionPrinter printVersionOnly
INFO: Flyway Community Edition 9.16.3 by Redgate
Jun 17, 2023 12:22:59 AM org.flywaydb.core.internal.license.VersionPrinter printVersion
INFO: See release notes here: https://rd.gt/416ObMi
Jun 17, 2023 12:22:59 AM org.flywaydb.core.internal.license.VersionPrinter printVersion
INFO: 
Jun 17, 2023 12:23:00 AM org.flywaydb.core.internal.database.base.BaseDatabaseType createDatabase
INFO: Database: jdbc:h2:file:/home/betaray/Documents/functionalProgramming/.metals/metals (H2 2.1)
Jun 17, 2023 12:23:00 AM org.flywaydb.core.internal.command.DbValidate validate
INFO: Successfully validated 4 migrations (execution time 00:00.033s)
Jun 17, 2023 12:23:00 AM org.flywaydb.core.internal.command.DbMigrate migrateGroup
INFO: Current version of schema "PUBLIC": 4
Jun 17, 2023 12:23:00 AM org.flywaydb.core.internal.command.DbMigrate logSummary
INFO: Schema "PUBLIC" is up to date. No migration necessary.
2023.06.17 00:23:00 INFO  time: initialize in 0.92s[0m
2023.06.17 00:23:02 WARN  Build server is not auto-connectable.[0m
2023.06.17 00:23:02 WARN  no build tool detected in workspace '/home/betaray/Documents/functionalProgramming'. The most common cause for this problem is that the editor was opened in the wrong working directory, for example if you use sbt then the workspace directory should contain build.sbt. [0m
2023.06.17 00:23:04 WARN  no build target for: /home/betaray/Documents/functionalProgramming/scala/ejercicios/scalaForTheImpatient/chapter2.scala[0m
Jun 17, 2023 12:23:04 AM org.eclipse.lsp4j.jsonrpc.RemoteEndpoint handleCancellation
WARNING: Unmatched cancel notification for request id 1
2023.06.17 00:23:07 INFO  no build target found for /home/betaray/Documents/functionalProgramming/scala/ejercicios/scalaForTheImpatient/chapter2.scala. Using presentation compiler with project's scala-library version: 3.2.2[0m
2023.06.17 00:23:09 INFO  time: code lens generation in 4.57s[0m
2023.06.17 01:09:31 INFO  Shutting down server[0m
2023.06.17 01:09:31 INFO  shutting down Metals[0m
2023.06.17 01:09:31 INFO  Exiting server[0m
2023.06.17 22:24:12 INFO  Started: Metals version 0.11.12 in workspace '/home/betaray/Documents/functionalProgramming' for client Code - OSS 1.78.2.[0m
Jun 17, 2023 10:24:12 PM org.flywaydb.core.internal.license.VersionPrinter printVersionOnly
INFO: Flyway Community Edition 9.16.3 by Redgate
Jun 17, 2023 10:24:12 PM org.flywaydb.core.internal.license.VersionPrinter printVersion
INFO: See release notes here: https://rd.gt/416ObMi
Jun 17, 2023 10:24:12 PM org.flywaydb.core.internal.license.VersionPrinter printVersion
INFO: 
Jun 17, 2023 10:24:12 PM org.flywaydb.core.internal.database.base.BaseDatabaseType createDatabase
INFO: Database: jdbc:h2:file:/home/betaray/Documents/functionalProgramming/.metals/metals (H2 2.1)
Jun 17, 2023 10:24:12 PM org.flywaydb.core.internal.command.DbValidate validate
INFO: Successfully validated 4 migrations (execution time 00:00.017s)
Jun 17, 2023 10:24:12 PM org.flywaydb.core.internal.command.DbMigrate migrateGroup
INFO: Current version of schema "PUBLIC": 4
Jun 17, 2023 10:24:12 PM org.flywaydb.core.internal.command.DbMigrate logSummary
INFO: Schema "PUBLIC" is up to date. No migration necessary.
2023.06.17 22:24:13 INFO  time: initialize in 0.54s[0m
2023.06.17 22:24:14 WARN  Build server is not auto-connectable.[0m
2023.06.17 22:24:14 WARN  no build tool detected in workspace '/home/betaray/Documents/functionalProgramming'. The most common cause for this problem is that the editor was opened in the wrong working directory, for example if you use sbt then the workspace directory should contain build.sbt. [0m
2023.06.17 22:24:14 WARN  no build target for: /home/betaray/Documents/functionalProgramming/scala/ejercicios/scalaForTheImpatient/chapter4.scala[0m
2023.06.17 22:24:18 INFO  no build target found for /home/betaray/Documents/functionalProgramming/scala/ejercicios/scalaForTheImpatient/chapter4.scala. Using presentation compiler with project's scala-library version: 3.2.2[0m
2023.06.17 22:24:19 INFO  time: code lens generation in 3.2s[0m
2023.06.17 22:24:19 INFO  time: code lens generation in 4.72s[0m
Jun 17, 2023 10:26:02 PM org.eclipse.lsp4j.jsonrpc.RemoteEndpoint handleCancellation
WARNING: Unmatched cancel notification for request id 261
Jun 17, 2023 10:27:22 PM org.eclipse.lsp4j.jsonrpc.RemoteEndpoint handleCancellation
WARNING: Unmatched cancel notification for request id 590
Jun 17, 2023 10:27:36 PM scala.meta.internal.pc.CompilerAccess handleError
SEVERE: NoDenotation.owner
java.lang.AssertionError: NoDenotation.owner
	at dotty.tools.dotc.core.SymDenotations$NoDenotation$.owner(SymDenotations.scala:2511)
	at scala.meta.internal.pc.MetalsInteractive$.enclosingSymbolsWithExpressionType(MetalsInteractive.scala:261)
	at scala.meta.internal.pc.HoverProvider$.hover(HoverProvider.scala:98)

Jun 17, 2023 10:27:43 PM scala.meta.internal.pc.CompilerAccess handleError
SEVERE: NoDenotation.owner
java.lang.AssertionError: NoDenotation.owner
	at dotty.tools.dotc.core.SymDenotations$NoDenotation$.owner(SymDenotations.scala:2511)
	at scala.meta.internal.pc.MetalsInteractive$.enclosingSymbolsWithExpressionType(MetalsInteractive.scala:261)
	at scala.meta.internal.pc.HoverProvider$.hover(HoverProvider.scala:98)

Jun 17, 2023 10:27:51 PM scala.meta.internal.pc.CompilerAccess handleError
SEVERE: NoDenotation.owner
java.lang.AssertionError: NoDenotation.owner
	at dotty.tools.dotc.core.SymDenotations$NoDenotation$.owner(SymDenotations.scala:2511)
	at scala.meta.internal.pc.MetalsInteractive$.enclosingSymbolsWithExpressionType(MetalsInteractive.scala:261)
	at scala.meta.internal.pc.HoverProvider$.hover(HoverProvider.scala:98)

Jun 17, 2023 10:28:25 PM scala.meta.internal.pc.CompilerAccess handleError
SEVERE: NoDenotation.owner
java.lang.AssertionError: NoDenotation.owner
	at dotty.tools.dotc.core.SymDenotations$NoDenotation$.owner(SymDenotations.scala:2511)
	at scala.meta.internal.pc.MetalsInteractive$.enclosingSymbolsWithExpressionType(MetalsInteractive.scala:261)
	at scala.meta.internal.pc.HoverProvider$.hover(HoverProvider.scala:98)

Jun 17, 2023 11:21:32 PM scala.meta.internal.pc.CompilerAccess handleError
SEVERE: NoDenotation.owner
java.lang.AssertionError: NoDenotation.owner
	at dotty.tools.dotc.core.SymDenotations$NoDenotation$.owner(SymDenotations.scala:2511)
	at scala.meta.internal.pc.MetalsInteractive$.enclosingSymbolsWithExpressionType(MetalsInteractive.scala:261)
	at scala.meta.internal.pc.HoverProvider$.hover(HoverProvider.scala:98)

Jun 17, 2023 11:21:33 PM scala.meta.internal.pc.CompilerAccess handleError
SEVERE: NoDenotation.owner
java.lang.AssertionError: NoDenotation.owner
	at dotty.tools.dotc.core.SymDenotations$NoDenotation$.owner(SymDenotations.scala:2511)
	at scala.meta.internal.pc.MetalsInteractive$.enclosingSymbolsWithExpressionType(MetalsInteractive.scala:261)
	at scala.meta.internal.pc.HoverProvider$.hover(HoverProvider.scala:98)

Jun 17, 2023 11:21:51 PM scala.meta.internal.pc.CompilerAccess handleError
SEVERE: NoDenotation.owner
java.lang.AssertionError: NoDenotation.owner
	at dotty.tools.dotc.core.SymDenotations$NoDenotation$.owner(SymDenotations.scala:2511)
	at scala.meta.internal.pc.MetalsInteractive$.enclosingSymbolsWithExpressionType(MetalsInteractive.scala:261)
	at scala.meta.internal.pc.HoverProvider$.hover(HoverProvider.scala:98)

Jun 17, 2023 11:21:51 PM scala.meta.internal.pc.CompilerAccess handleError
SEVERE: NoDenotation.owner
java.lang.AssertionError: NoDenotation.owner
	at dotty.tools.dotc.core.SymDenotations$NoDenotation$.owner(SymDenotations.scala:2511)
	at scala.meta.internal.pc.MetalsInteractive$.enclosingSymbolsWithExpressionType(MetalsInteractive.scala:261)
	at scala.meta.internal.pc.HoverProvider$.hover(HoverProvider.scala:98)

Jun 17, 2023 11:21:57 PM scala.meta.internal.pc.CompilerAccess handleError
SEVERE: NoDenotation.owner
java.lang.AssertionError: NoDenotation.owner
	at dotty.tools.dotc.core.SymDenotations$NoDenotation$.owner(SymDenotations.scala:2511)
	at scala.meta.internal.pc.MetalsInteractive$.enclosingSymbolsWithExpressionType(MetalsInteractive.scala:261)
	at scala.meta.internal.pc.HoverProvider$.hover(HoverProvider.scala:98)

Jun 17, 2023 11:26:02 PM org.eclipse.lsp4j.jsonrpc.RemoteEndpoint handleCancellation
WARNING: Unmatched cancel notification for request id 1065
Jun 17, 2023 11:28:18 PM org.eclipse.lsp4j.jsonrpc.RemoteEndpoint handleCancellation
WARNING: Unmatched cancel notification for request id 1257
2023.06.17 23:30:16 WARN  no build target for: /home/betaray/Documents/functionalProgramming/scala/ejercicios/scalaForTheImpatient/chapter4.scala[0m
2023.06.17 23:31:02 WARN  no build target for: /home/betaray/Documents/functionalProgramming/scala/ejercicios/scalaForTheImpatient/chapter4.scala[0m
2023.06.17 23:31:08 WARN  no build target for: /home/betaray/Documents/functionalProgramming/scala/ejercicios/scalaForTheImpatient/chapter4.scala[0m
2023.06.17 23:32:42 WARN  no build target for: /home/betaray/Documents/functionalProgramming/scala/ejercicios/scalaForTheImpatient/chapter4.scala[0m
2023.06.17 23:32:45 WARN  no build target for: /home/betaray/Documents/functionalProgramming/scala/ejercicios/scalaForTheImpatient/chapter4.scala[0m
2023.06.17 23:33:31 INFO  Shutting down server[0m
2023.06.17 23:33:31 INFO  shutting down Metals[0m
2023.06.17 23:33:31 INFO  Exiting server[0m
2023.06.18 00:34:40 INFO  Started: Metals version 0.11.12 in workspace '/home/betaray/Documents/functionalProgramming' for client Code - OSS 1.78.2.[0m
Jun 18, 2023 12:34:41 AM org.flywaydb.core.internal.license.VersionPrinter printVersionOnly
INFO: Flyway Community Edition 9.16.3 by Redgate
Jun 18, 2023 12:34:41 AM org.flywaydb.core.internal.license.VersionPrinter printVersion
INFO: See release notes here: https://rd.gt/416ObMi
Jun 18, 2023 12:34:41 AM org.flywaydb.core.internal.license.VersionPrinter printVersion
INFO: 
Jun 18, 2023 12:34:41 AM org.flywaydb.core.internal.database.base.BaseDatabaseType createDatabase
INFO: Database: jdbc:h2:file:/home/betaray/Documents/functionalProgramming/.metals/metals (H2 2.1)
Jun 18, 2023 12:34:41 AM org.flywaydb.core.internal.command.DbValidate validate
INFO: Successfully validated 4 migrations (execution time 00:00.031s)
Jun 18, 2023 12:34:41 AM org.flywaydb.core.internal.command.DbMigrate migrateGroup
INFO: Current version of schema "PUBLIC": 4
Jun 18, 2023 12:34:41 AM org.flywaydb.core.internal.command.DbMigrate logSummary
INFO: Schema "PUBLIC" is up to date. No migration necessary.
2023.06.18 00:34:41 INFO  time: initialize in 0.95s[0m
2023.06.18 00:34:44 WARN  Build server is not auto-connectable.[0m
2023.06.18 00:34:44 WARN  no build tool detected in workspace '/home/betaray/Documents/functionalProgramming'. The most common cause for this problem is that the editor was opened in the wrong working directory, for example if you use sbt then the workspace directory should contain build.sbt. [0m
2023.06.18 00:34:44 WARN  no build target for: /home/betaray/Documents/functionalProgramming/scala/ejercicios/scalaForTheImpatient/chapter4.scala[0m
2023.06.18 00:34:48 INFO  no build target found for /home/betaray/Documents/functionalProgramming/scala/ejercicios/scalaForTheImpatient/chapter4.scala. Using presentation compiler with project's scala-library version: 3.2.2[0m
2023.06.18 00:34:51 INFO  time: code lens generation in 6.53s[0m
2023.06.19 21:32:55 INFO  Started: Metals version 0.11.12 in workspace '/home/betaray/Documents/functionalProgramming' for client Code - OSS 1.78.2.[0m
Jun 19, 2023 9:32:55 PM org.flywaydb.core.internal.license.VersionPrinter printVersionOnly
INFO: Flyway Community Edition 9.16.3 by Redgate
Jun 19, 2023 9:32:56 PM org.flywaydb.core.internal.license.VersionPrinter printVersion
INFO: See release notes here: https://rd.gt/416ObMi
Jun 19, 2023 9:32:56 PM org.flywaydb.core.internal.license.VersionPrinter printVersion
INFO: 
Jun 19, 2023 9:32:56 PM org.flywaydb.core.internal.database.base.BaseDatabaseType createDatabase
INFO: Database: jdbc:h2:file:/home/betaray/Documents/functionalProgramming/.metals/metals (H2 2.1)
Jun 19, 2023 9:32:56 PM org.flywaydb.core.internal.command.DbValidate validate
INFO: Successfully validated 4 migrations (execution time 00:00.017s)
Jun 19, 2023 9:32:56 PM org.flywaydb.core.internal.command.DbMigrate migrateGroup
INFO: Current version of schema "PUBLIC": 4
Jun 19, 2023 9:32:56 PM org.flywaydb.core.internal.command.DbMigrate logSummary
INFO: Schema "PUBLIC" is up to date. No migration necessary.
2023.06.19 21:32:56 INFO  time: initialize in 0.57s[0m
2023.06.19 21:32:58 WARN  Build server is not auto-connectable.[0m
2023.06.19 21:32:58 WARN  no build tool detected in workspace '/home/betaray/Documents/functionalProgramming'. The most common cause for this problem is that the editor was opened in the wrong working directory, for example if you use sbt then the workspace directory should contain build.sbt. [0m
2023.06.19 21:32:58 WARN  no build target for: /home/betaray/Documents/functionalProgramming/scala/ejercicios/scalaForTheImpatient/chapter5.scala[0m
2023.06.19 21:33:02 INFO  no build target found for /home/betaray/Documents/functionalProgramming/scala/ejercicios/scalaForTheImpatient/chapter5.scala. Using presentation compiler with project's scala-library version: 3.2.2[0m
2023.06.19 21:33:03 INFO  time: code lens generation in 1.41s[0m
2023.06.19 21:33:03 INFO  time: code lens generation in 5.2s[0m
Jun 20, 2023 1:45:10 AM org.eclipse.lsp4j.jsonrpc.services.GenericEndpoint notify
INFO: Unsupported notification method: $/setTrace
Jun 20, 2023 1:45:16 AM org.eclipse.lsp4j.jsonrpc.services.GenericEndpoint notify
INFO: Unsupported notification method: $/setTrace
2023.06.20 20:25:37 INFO  Started: Metals version 0.11.12 in workspace '/home/betaray/Documents/functionalProgramming' for client Code - OSS 1.78.2.[0m
Jun 20, 2023 8:25:37 PM org.flywaydb.core.internal.license.VersionPrinter printVersionOnly
INFO: Flyway Community Edition 9.16.3 by Redgate
Jun 20, 2023 8:25:37 PM org.flywaydb.core.internal.license.VersionPrinter printVersion
INFO: See release notes here: https://rd.gt/416ObMi
Jun 20, 2023 8:25:37 PM org.flywaydb.core.internal.license.VersionPrinter printVersion
INFO: 
Jun 20, 2023 8:25:37 PM org.flywaydb.core.internal.database.base.BaseDatabaseType createDatabase
INFO: Database: jdbc:h2:file:/home/betaray/Documents/functionalProgramming/.metals/metals (H2 2.1)
Jun 20, 2023 8:25:37 PM org.flywaydb.core.internal.command.DbValidate validate
INFO: Successfully validated 4 migrations (execution time 00:00.019s)
Jun 20, 2023 8:25:37 PM org.flywaydb.core.internal.command.DbMigrate migrateGroup
INFO: Current version of schema "PUBLIC": 4
Jun 20, 2023 8:25:37 PM org.flywaydb.core.internal.command.DbMigrate logSummary
INFO: Schema "PUBLIC" is up to date. No migration necessary.
2023.06.20 20:25:37 INFO  time: initialize in 0.56s[0m
2023.06.20 20:25:39 WARN  Build server is not auto-connectable.[0m
2023.06.20 20:25:39 WARN  no build tool detected in workspace '/home/betaray/Documents/functionalProgramming'. The most common cause for this problem is that the editor was opened in the wrong working directory, for example if you use sbt then the workspace directory should contain build.sbt. [0m
2023.06.20 20:25:39 WARN  no build target for: /home/betaray/Documents/functionalProgramming/scala/ejercicios/scalaForTheImpatient/chapter5.scala[0m
2023.06.20 20:25:42 INFO  no build target found for /home/betaray/Documents/functionalProgramming/scala/ejercicios/scalaForTheImpatient/chapter5.scala. Using presentation compiler with project's scala-library version: 3.2.2[0m
2023.06.20 20:25:43 INFO  time: code lens generation in 4.05s[0m
2023.06.20 20:30:22 WARN  no build target for: /home/betaray/Documents/functionalProgramming/scala/ejercicios/scalaForTheImpatient/chapter5.scala[0m
Jun 20, 2023 8:35:37 PM org.eclipse.lsp4j.jsonrpc.RemoteEndpoint handleCancellation
WARNING: Unmatched cancel notification for request id 888
2023.06.20 20:48:24 WARN  no build target for: /home/betaray/Documents/functionalProgramming/scala/ejercicios/scalaForTheImpatient/chapter5.scala[0m
2023.06.20 20:52:20 WARN  no build target for: /home/betaray/Documents/functionalProgramming/scala/ejercicios/scalaForTheImpatient/chapter5.scala[0m
Jun 20, 2023 8:53:13 PM org.eclipse.lsp4j.jsonrpc.RemoteEndpoint handleCancellation
WARNING: Unmatched cancel notification for request id 3106
2023.06.20 20:53:30 WARN  no build target for: /home/betaray/Documents/functionalProgramming/scala/ejercicios/scalaForTheImpatient/chapter5.scala[0m
2023.06.20 20:56:08 WARN  no build target for: /home/betaray/Documents/functionalProgramming/scala/ejercicios/scalaForTheImpatient/chapter5.scala[0m
2023.06.20 20:56:10 WARN  no build target for: /home/betaray/Documents/functionalProgramming/scala/ejercicios/scalaForTheImpatient/chapter5.scala[0m
2023.06.20 20:56:21 WARN  no build target for: /home/betaray/Documents/functionalProgramming/scala/ejercicios/scalaForTheImpatient/chapter5.scala[0m
2023.06.20 20:57:25 WARN  no build target for: /home/betaray/Documents/functionalProgramming/scala/ejercicios/scalaForTheImpatient/chapter5.scala[0m
2023.06.20 21:01:57 WARN  no build target for: /home/betaray/Documents/functionalProgramming/scala/ejercicios/scalaForTheImpatient/chapter5.scala[0m
2023.06.20 21:03:01 WARN  no build target for: /home/betaray/Documents/functionalProgramming/scala/ejercicios/scalaForTheImpatient/chapter5.scala[0m
2023.06.20 21:03:06 WARN  no build target for: /home/betaray/Documents/functionalProgramming/scala/ejercicios/scalaForTheImpatient/chapter5.scala[0m
2023.06.20 21:05:21 WARN  no build target for: /home/betaray/Documents/functionalProgramming/scala/ejercicios/scalaForTheImpatient/chapter5.scala[0m
2023.06.20 21:05:24 WARN  no build target for: /home/betaray/Documents/functionalProgramming/scala/ejercicios/scalaForTheImpatient/chapter5.scala[0m
2023.06.20 21:43:56 WARN  no build target for: /home/betaray/Documents/functionalProgramming/scala/ejercicios/scalaForTheImpatient/chapter5.scala[0m
Jun 20, 2023 9:43:56 PM org.eclipse.lsp4j.jsonrpc.RemoteEndpoint handleCancellation
WARNING: Unmatched cancel notification for request id 3444
2023.06.20 21:43:59 WARN  no build target for: /home/betaray/Documents/functionalProgramming/scala/ejercicios/scalaForTheImpatient/chapter5.scala[0m
2023.06.20 21:43:59 WARN  no build target for: /home/betaray/Documents/functionalProgramming/scala/ejercicios/scalaForTheImpatient/chapter5.scala[0m
2023.06.20 21:45:14 WARN  no build target for: /home/betaray/Documents/functionalProgramming/scala/ejercicios/scalaForTheImpatient/chapter5.scala[0m
2023.06.20 21:46:47 WARN  no build target for: /home/betaray/Documents/functionalProgramming/scala/ejercicios/scalaForTheImpatient/chapter5.scala[0m
2023.06.20 21:47:05 WARN  no build target for: /home/betaray/Documents/functionalProgramming/scala/ejercicios/scalaForTheImpatient/chapter5.scala[0m
2023.06.20 21:47:06 WARN  no build target for: /home/betaray/Documents/functionalProgramming/scala/ejercicios/scalaForTheImpatient/chapter5.scala[0m
2023.06.20 21:47:07 WARN  no build target for: /home/betaray/Documents/functionalProgramming/scala/ejercicios/scalaForTheImpatient/chapter5.scala[0m
2023.06.20 21:48:00 WARN  no build target for: /home/betaray/Documents/functionalProgramming/scala/ejercicios/scalaForTheImpatient/chapter5.scala[0m
2023.06.20 21:48:15 WARN  no build target for: /home/betaray/Documents/functionalProgramming/scala/ejercicios/scalaForTheImpatient/chapter5.scala[0m
2023.06.20 21:48:17 WARN  no build target for: /home/betaray/Documents/functionalProgramming/scala/ejercicios/scalaForTheImpatient/chapter5.scala[0m
2023.06.20 21:50:38 WARN  no build target for: /home/betaray/Documents/functionalProgramming/scala/ejercicios/scalaForTheImpatient/chapter5.scala[0m
2023.06.20 21:51:28 WARN  no build target for: /home/betaray/Documents/functionalProgramming/scala/ejercicios/scalaForTheImpatient/chapter5.scala[0m
2023.06.20 21:51:29 WARN  no build target for: /home/betaray/Documents/functionalProgramming/scala/ejercicios/scalaForTheImpatient/chapter5.scala[0m
2023.06.20 21:52:27 WARN  no build target for: /home/betaray/Documents/functionalProgramming/scala/ejercicios/scalaForTheImpatient/chapter5.scala[0m
2023.06.20 21:52:45 WARN  no build target for: /home/betaray/Documents/functionalProgramming/scala/ejercicios/scalaForTheImpatient/chapter5.scala[0m
2023.06.20 21:54:45 WARN  no build target for: /home/betaray/Documents/functionalProgramming/scala/ejercicios/scalaForTheImpatient/chapter5.scala[0m
2023.06.20 21:55:04 WARN  no build target for: /home/betaray/Documents/functionalProgramming/scala/ejercicios/scalaForTheImpatient/chapter5.scala[0m
2023.06.20 21:57:19 WARN  no build target for: /home/betaray/Documents/functionalProgramming/scala/ejercicios/scalaForTheImpatient/chapter5.scala[0m
Jun 21, 2023 12:02:20 AM org.eclipse.lsp4j.jsonrpc.RemoteEndpoint handleCancellation
WARNING: Unmatched cancel notification for request id 3731
